<?xml version="1.0" encoding="UTF-8"?>
<!-- Generated by org.testng.reporters.JUnitXMLReporter -->
<testsuite hostname="MXCDP4LP24" ignored="13" name="Test" tests="2" failures="1" timestamp="25 Jan 2019 18:42:38 GMT" time="46.118" errors="0">
  <testcase name="test1" time="30.269" classname="testcases.components.TCSPAHLWidget">
    <failure type="org.openqa.selenium.TimeoutException" message="Expected condition failed: waiting for value to contain &amp;quot;display: none; opacity: 0;&amp;quot;. Current value: &amp;quot;null&amp;quot; (tried for 30 second(s) with 500 milliseconds interval)">
      <![CDATA[org.openqa.selenium.TimeoutException: Expected condition failed: waiting for value to contain "display: none; opacity: 0;". Current value: "null" (tried for 30 second(s) with 500 milliseconds interval)
at org.openqa.selenium.support.ui.WebDriverWait.timeoutException(WebDriverWait.java:81)
at org.openqa.selenium.support.ui.FluentWait.until(FluentWait.java:271)
at pages.HotelListPageF.waitForOverlay(HotelListPageF.java:589)
at pages.HotelListPageF.waitForContentToBeReady(HotelListPageF.java:593)
at pages.HotelListPageF.widgetVerifyAutocompleteDestination(HotelListPageF.java:402)
at tests.components.hoteles.CSPAHLWidget.autocompleteDestinationTest(CSPAHLWidget.java:42)
at testcases.components.TCSPAHLWidget.test1(TCSPAHLWidget.java:35)
Caused by: org.openqa.selenium.NoSuchElementException: Cannot locate an element using By.cssSelector: .loader-overlay.ng-trigger
For documentation on this error, please visit: http://seleniumhq.org/exceptions/no_such_element.html
Build info: version: '3.11.0', revision: 'e59cfb3', time: '2018-03-11T20:26:55.152Z'
System info: host: 'MXCDP4LP24', ip: '10.8.0.195', os.name: 'Windows 10', os.arch: 'amd64', os.version: '10.0', java.version: '1.8.0_181'
Driver info: driver.version: unknown
at org.openqa.selenium.support.ui.ExpectedConditions.lambda$findElement$0(ExpectedConditions.java:896)
at java.util.Optional.orElseThrow(Unknown Source)
at org.openqa.selenium.support.ui.ExpectedConditions.findElement(ExpectedConditions.java:895)
at org.openqa.selenium.support.ui.ExpectedConditions.access$000(ExpectedConditions.java:44)
at org.openqa.selenium.support.ui.ExpectedConditions$39.apply(ExpectedConditions.java:1171)
at org.openqa.selenium.support.ui.ExpectedConditions$39.apply(ExpectedConditions.java:1166)
at org.openqa.selenium.support.ui.FluentWait.until(FluentWait.java:248)
... 30 more
... Removed 25 stack frames]]>
    </failure>
  </testcase> <!-- test1 -->
  <testcase name="test1" time="0.002" classname="testcases.components.TCSPAHLPaging"/>
  <testcase name="test6" time="0.0" classname="testcases.components.TCSPAHLPaging">
    <ignored/>
  </testcase> <!-- test6 -->
  <testcase name="test3" time="0.0" classname="testcases.components.TCSPAHLPaging">
    <ignored/>
  </testcase> <!-- test3 -->
  <testcase name="test7" time="0.0" classname="testcases.components.TCSPAHLWidget">
    <ignored/>
  </testcase> <!-- test7 -->
  <testcase name="test2" time="0.0" classname="testcases.components.TCSPAHLPaging">
    <ignored/>
  </testcase> <!-- test2 -->
  <testcase name="test5" time="0.0" classname="testcases.components.TCSPAHLPaging">
    <ignored/>
  </testcase> <!-- test5 -->
  <testcase name="test4" time="0.0" classname="testcases.components.TCSPAHLPaging">
    <ignored/>
  </testcase> <!-- test4 -->
  <testcase name="test3" time="0.0" classname="testcases.components.TCSPAHLWidget">
    <ignored/>
  </testcase> <!-- test3 -->
  <testcase name="test6" time="0.0" classname="testcases.components.TCSPAHLWidget">
    <ignored/>
  </testcase> <!-- test6 -->
  <testcase name="test4" time="0.0" classname="testcases.components.TCSPAHLWidget">
    <ignored/>
  </testcase> <!-- test4 -->
  <testcase name="test5" time="0.0" classname="testcases.components.TCSPAHLWidget">
    <ignored/>
  </testcase> <!-- test5 -->
  <testcase name="test2" time="0.0" classname="testcases.components.TCSPAHLWidget">
    <ignored/>
  </testcase> <!-- test2 -->
  <testcase name="prueba" time="0.0" classname="testcases.components.TCSPAHLWidget">
    <ignored/>
  </testcase> <!-- prueba -->
  <testcase name="test7" time="0.0" classname="testcases.components.TCSPAHLPaging">
    <ignored/>
  </testcase> <!-- test7 -->
</testsuite> <!-- Test -->
