<?xml version="1.0" encoding="UTF-8"?>
<!-- Generated by org.testng.reporters.JUnitReportReporter -->
<testsuite skipped="1" hostname="MXCDP4LP24" name="testcases.components.TCSPAHLWidget2" tests="8" failures="1" timestamp="29 Jan 2019 19:00:39 GMT" time="211.948" errors="0">
  <testcase name="test5" time="23.459" classname="testcases.components.TCSPAHLWidget2"/>
  <testcase name="test3" time="15.211" classname="testcases.components.TCSPAHLWidget2"/>
  <testcase name="test7" time="36.422" classname="testcases.components.TCSPAHLWidget2"/>
  <testcase name="test1" time="37.263" classname="testcases.components.TCSPAHLWidget2"/>
  <testcase name="test2" time="12.711" classname="testcases.components.TCSPAHLWidget2"/>
  <testcase name="test6" time="65.565" classname="testcases.components.TCSPAHLWidget2">
    <failure type="java.lang.AssertionError" message="LAF&gt;&gt;&gt;La cantidad de rooms no coincide con la cantidad de agecontainers, widgetMinorsAgesHotelContainer:0">
      <![CDATA[java.lang.AssertionError: LAF>>>La cantidad de rooms no coincide con la cantidad de agecontainers, widgetMinorsAgesHotelContainer:0
at org.testng.Assert.fail(Assert.java:96)
at pages.StageHotelListPageF.widgetSetOccupants(StageHotelListPageF.java:245)
at tests.components.hoteles.CSPAHLWidget2.searchDifferentOccupantsTest(CSPAHLWidget2.java:163)
at testcases.components.TCSPAHLWidget2.test6(TCSPAHLWidget2.java:72)
at sun.reflect.NativeMethodAccessorImpl.invoke0(Native Method)
at sun.reflect.NativeMethodAccessorImpl.invoke(Unknown Source)
at sun.reflect.DelegatingMethodAccessorImpl.invoke(Unknown Source)
at java.lang.reflect.Method.invoke(Unknown Source)
at org.testng.internal.MethodInvocationHelper.invokeMethod(MethodInvocationHelper.java:124)
at org.testng.internal.Invoker.invokeMethod(Invoker.java:580)
at org.testng.internal.Invoker.invokeTestMethod(Invoker.java:716)
at org.testng.internal.Invoker.invokeTestMethods(Invoker.java:988)
at org.testng.internal.TestMethodWorker.invokeTestMethods(TestMethodWorker.java:125)
at org.testng.internal.TestMethodWorker.run(TestMethodWorker.java:109)
at org.testng.TestRunner.privateRun(TestRunner.java:648)
at org.testng.TestRunner.run(TestRunner.java:505)
at org.testng.SuiteRunner.runTest(SuiteRunner.java:455)
at org.testng.SuiteRunner.runSequentially(SuiteRunner.java:450)
at org.testng.SuiteRunner.privateRun(SuiteRunner.java:415)
at org.testng.SuiteRunner.run(SuiteRunner.java:364)
at org.testng.SuiteRunnerWorker.runSuite(SuiteRunnerWorker.java:52)
at org.testng.SuiteRunnerWorker.run(SuiteRunnerWorker.java:84)
at org.testng.TestNG.runSuitesSequentially(TestNG.java:1208)
at org.testng.TestNG.runSuitesLocally(TestNG.java:1137)
at org.testng.TestNG.runSuites(TestNG.java:1049)
at org.testng.TestNG.run(TestNG.java:1017)
at org.testng.remote.AbstractRemoteTestNG.run(AbstractRemoteTestNG.java:114)
at org.testng.remote.RemoteTestNG.initAndRun(RemoteTestNG.java:251)
at org.testng.remote.RemoteTestNG.main(RemoteTestNG.java:77)
]]>
    </failure>
  </testcase> <!-- test6 -->
  <testcase name="test4" time="21.317" classname="testcases.components.TCSPAHLWidget2"/>
  <testcase name="prueba" classname="testcases.components.TCSPAHLWidget2">
    <skipped/>
  </testcase> <!-- prueba -->
</testsuite> <!-- testcases.components.TCSPAHLWidget2 -->
